Started GET "/" for 127.0.0.1 at 2025-11-07 19:14:20 +0530
  [1m[35m (1.5ms)[0m  [1m[35mCREATE TABLE "schema_migrations" ("version" varchar NOT NULL PRIMARY KEY) /*application='StudentResultMgmt'*/[0m
  [1m[35m (0.2ms)[0m  [1m[35mCREATE TABLE "ar_internal_metadata" ("key" varchar NOT NULL PRIMARY KEY, "value" varchar, "created_at" datetime(6) NOT NULL, "updated_at" datetime(6) NOT NULL) /*application='StudentResultMgmt'*/[0m
  [1m[36mActiveRecord::SchemaMigration Load (0.4ms)[0m  [1m[34mSELECT "schema_migrations"."version" FROM "schema_migrations" ORDER BY "schema_migrations"."version" ASC /*application='StudentResultMgmt'*/[0m
Processing by Rails::WelcomeController#index as HTML
  Rendering /home/pragati-malviya/.rvm/gems/ruby-3.2.2/gems/railties-8.0.4/lib/rails/templates/rails/welcome/index.html.erb
  Rendered /home/pragati-malviya/.rvm/gems/ruby-3.2.2/gems/railties-8.0.4/lib/rails/templates/rails/welcome/index.html.erb (Duration: 0.6ms | GC: 0.0ms)
Completed 200 OK in 74ms (Views: 17.2ms | ActiveRecord: 0.0ms (0 queries, 0 cached) | GC: 1.3ms)


  [1m[36mActiveRecord::InternalMetadata Load (0.6ms)[0m  [1m[34mSELECT * FROM "ar_internal_metadata" WHERE "ar_internal_metadata"."key" = 'environment' ORDER BY "ar_internal_metadata"."key" ASC LIMIT 1 /*application='StudentResultMgmt'*/[0m
  [1m[36mActiveRecord::InternalMetadata Create (3.6ms)[0m  [1m[32mINSERT INTO "ar_internal_metadata" ("key", "value", "created_at", "updated_at") VALUES ('environment', 'development', '2025-11-07 13:46:20.898118', '2025-11-07 13:46:20.898122') RETURNING "key" /*application='StudentResultMgmt'*/[0m
  [1m[36mActiveRecord::SchemaMigration Load (0.2ms)[0m  [1m[34mSELECT "schema_migrations"."version" FROM "schema_migrations" ORDER BY "schema_migrations"."version" ASC /*application='StudentResultMgmt'*/[0m
Migrating to CreateResults (20251107134616)
  [1m[36mTRANSACTION (0.1ms)[0m  [1m[35mBEGIN immediate TRANSACTION /*application='StudentResultMgmt'*/[0m
  [1m[35m (1.0ms)[0m  [1m[35mCREATE TABLE "results" ("id" integer PRIMARY KEY AUTOINCREMENT NOT NULL, "student_name" varchar, "subject" varchar, "marks" integer, "submitted_at" datetime(6), "created_at" datetime(6) NOT NULL, "updated_at" datetime(6) NOT NULL) /*application='StudentResultMgmt'*/[0m
  [1m[36mActiveRecord::SchemaMigration Create (0.2ms)[0m  [1m[32mINSERT INTO "schema_migrations" ("version") VALUES ('20251107134616') RETURNING "version" /*application='StudentResultMgmt'*/[0m
  [1m[36mTRANSACTION (0.1ms)[0m  [1m[35mCOMMIT TRANSACTION /*application='StudentResultMgmt'*/[0m
  [1m[36mActiveRecord::SchemaMigration Load (0.1ms)[0m  [1m[34mSELECT "schema_migrations"."version" FROM "schema_migrations" ORDER BY "schema_migrations"."version" ASC /*application='StudentResultMgmt'*/[0m
  [1m[36mResult Count (2.3ms)[0m  [1m[34mSELECT COUNT(*) FROM "results" /*application='StudentResultMgmt'*/[0m
  [1m[36mActiveRecord::InternalMetadata Load (0.1ms)[0m  [1m[34mSELECT * FROM "ar_internal_metadata" WHERE "ar_internal_metadata"."key" = 'environment' ORDER BY "ar_internal_metadata"."key" ASC LIMIT 1 /*application='StudentResultMgmt'*/[0m
  [1m[36mActiveRecord::SchemaMigration Load (0.1ms)[0m  [1m[34mSELECT "schema_migrations"."version" FROM "schema_migrations" ORDER BY "schema_migrations"."version" ASC /*application='StudentResultMgmt'*/[0m
Migrating to CreateDailyResultStats (20251107134709)
  [1m[36mTRANSACTION (0.3ms)[0m  [1m[35mBEGIN immediate TRANSACTION /*application='StudentResultMgmt'*/[0m
  [1m[35m (4.0ms)[0m  [1m[35mCREATE TABLE "daily_result_stats" ("id" integer PRIMARY KEY AUTOINCREMENT NOT NULL, "date" date, "subject" varchar, "daily_low" integer, "daily_high" integer, "result_count" integer, "created_at" datetime(6) NOT NULL, "updated_at" datetime(6) NOT NULL) /*application='StudentResultMgmt'*/[0m
  [1m[36mActiveRecord::SchemaMigration Create (0.3ms)[0m  [1m[32mINSERT INTO "schema_migrations" ("version") VALUES ('20251107134709') RETURNING "version" /*application='StudentResultMgmt'*/[0m
  [1m[36mTRANSACTION (5.5ms)[0m  [1m[35mCOMMIT TRANSACTION /*application='StudentResultMgmt'*/[0m
  [1m[36mActiveRecord::SchemaMigration Load (0.1ms)[0m  [1m[34mSELECT "schema_migrations"."version" FROM "schema_migrations" ORDER BY "schema_migrations"."version" ASC /*application='StudentResultMgmt'*/[0m
  [1m[36mActiveRecord::InternalMetadata Load (0.2ms)[0m  [1m[34mSELECT * FROM "ar_internal_metadata" WHERE "ar_internal_metadata"."key" = 'environment' ORDER BY "ar_internal_metadata"."key" ASC LIMIT 1 /*application='StudentResultMgmt'*/[0m
  [1m[36mActiveRecord::SchemaMigration Load (0.1ms)[0m  [1m[34mSELECT "schema_migrations"."version" FROM "schema_migrations" ORDER BY "schema_migrations"."version" ASC /*application='StudentResultMgmt'*/[0m
Migrating to CreateMonthlyAverages (20251107134732)
  [1m[36mTRANSACTION (0.1ms)[0m  [1m[35mBEGIN immediate TRANSACTION /*application='StudentResultMgmt'*/[0m
  [1m[35m (1.5ms)[0m  [1m[35mCREATE TABLE "monthly_averages" ("id" integer PRIMARY KEY AUTOINCREMENT NOT NULL, "start_date" date, "end_date" date, "subject" varchar, "avg_daily_low" float, "avg_daily_high" float, "total_results_count" integer, "included_days_count" integer, "created_at" datetime(6) NOT NULL, "updated_at" datetime(6) NOT NULL) /*application='StudentResultMgmt'*/[0m
  [1m[36mActiveRecord::SchemaMigration Create (0.2ms)[0m  [1m[32mINSERT INTO "schema_migrations" ("version") VALUES ('20251107134732') RETURNING "version" /*application='StudentResultMgmt'*/[0m
  [1m[36mTRANSACTION (0.1ms)[0m  [1m[35mCOMMIT TRANSACTION /*application='StudentResultMgmt'*/[0m
  [1m[36mActiveRecord::SchemaMigration Load (0.0ms)[0m  [1m[34mSELECT "schema_migrations"."version" FROM "schema_migrations" ORDER BY "schema_migrations"."version" ASC /*application='StudentResultMgmt'*/[0m
Started GET "/" for 127.0.0.1 at 2025-11-11 09:42:40 +0530
  [1m[36mActiveRecord::SchemaMigration Load (0.1ms)[0m  [1m[34mSELECT "schema_migrations"."version" FROM "schema_migrations" ORDER BY "schema_migrations"."version" ASC /*application='StudentResultMgmt'*/[0m
Processing by Rails::WelcomeController#index as HTML
  Rendering /home/pragati-malviya/.rvm/gems/ruby-3.2.2/gems/railties-8.0.4/lib/rails/templates/rails/welcome/index.html.erb
  Rendered /home/pragati-malviya/.rvm/gems/ruby-3.2.2/gems/railties-8.0.4/lib/rails/templates/rails/welcome/index.html.erb (Duration: 1.4ms | GC: 0.4ms)
Completed 200 OK in 34ms (Views: 4.2ms | ActiveRecord: 0.0ms (0 queries, 0 cached) | GC: 0.7ms)


  [1m[36mResult Count (5.3ms)[0m  [1m[34mSELECT COUNT(*) FROM "results" /*application='StudentResultMgmt'*/[0m
  [1m[36mTRANSACTION (0.1ms)[0m  [1m[35mBEGIN immediate TRANSACTION /*application='StudentResultMgmt'*/[0m
  [1m[36mResult Create (5.7ms)[0m  [1m[32mINSERT INTO "results" ("student_name", "subject", "marks", "submitted_at", "created_at", "updated_at") VALUES ('Pragati Malviya', 'Maths', 89, '2025-11-11 00:00:00', '2025-11-11 04:28:03.347102', '2025-11-11 04:28:03.347102') RETURNING "id" /*application='StudentResultMgmt'*/[0m
  [1m[36mTRANSACTION (13.4ms)[0m  [1m[35mCOMMIT TRANSACTION /*application='StudentResultMgmt'*/[0m
  [1m[36mActiveRecord::InternalMetadata Load (0.1ms)[0m  [1m[34mSELECT * FROM "ar_internal_metadata" WHERE "ar_internal_metadata"."key" = 'environment' ORDER BY "ar_internal_metadata"."key" ASC LIMIT 1 /*application='StudentResultMgmt'*/[0m
  [1m[36mActiveRecord::SchemaMigration Load (0.1ms)[0m  [1m[34mSELECT "schema_migrations"."version" FROM "schema_migrations" ORDER BY "schema_migrations"."version" ASC /*application='StudentResultMgmt'*/[0m
  [1m[36mActiveRecord::SchemaMigration Load (0.0ms)[0m  [1m[34mSELECT "schema_migrations"."version" FROM "schema_migrations" ORDER BY "schema_migrations"."version" ASC /*application='StudentResultMgmt'*/[0m
Started POST "/api/v1/results" for ::1 at 2025-11-11 10:05:46 +0530
  
ActionController::RoutingError (No route matches [POST] "/api/v1/results"):
  
Started GET "/api/v1/results" for 127.0.0.1 at 2025-11-11 10:06:34 +0530
  
ActionController::RoutingError (No route matches [GET] "/api/v1/results"):
  
Started GET "/api/v1/results" for 127.0.0.1 at 2025-11-11 10:07:26 +0530
  
ActionController::RoutingError (No route matches [GET] "/api/v1/results"):
  
Started GET "/api/v1/results" for 127.0.0.1 at 2025-11-11 10:07:28 +0530
  
ActionController::RoutingError (No route matches [GET] "/api/v1/results"):
  
Started GET "/api/v1/results" for 127.0.0.1 at 2025-11-11 10:07:38 +0530
  [1m[36mActiveRecord::SchemaMigration Load (0.2ms)[0m  [1m[34mSELECT "schema_migrations"."version" FROM "schema_migrations" ORDER BY "schema_migrations"."version" ASC /*application='StudentResultMgmt'*/[0m
  
ActionController::RoutingError (No route matches [GET] "/api/v1/results"):
  
Started GET "/api/v1/" for 127.0.0.1 at 2025-11-11 10:07:47 +0530
  
ActionController::RoutingError (No route matches [GET] "/api/v1"):
  
Started GET "/api" for 127.0.0.1 at 2025-11-11 10:07:50 +0530
  
ActionController::RoutingError (No route matches [GET] "/api"):
  
Started GET "/api/v1/results" for 127.0.0.1 at 2025-11-11 10:10:21 +0530
  [1m[36mActiveRecord::SchemaMigration Load (1.1ms)[0m  [1m[34mSELECT "schema_migrations"."version" FROM "schema_migrations" ORDER BY "schema_migrations"."version" ASC /*application='StudentResultMgmt'*/[0m
  
AbstractController::ActionNotFound (The action 'index' could not be found for Api::V1::ResultsController):
  
actionpack (8.0.4) lib/abstract_controller/base.rb:147:in `process'
actionview (8.0.4) lib/action_view/rendering.rb:40:in `process'
actionpack (8.0.4) lib/action_controller/metal.rb:252:in `dispatch'
actionpack (8.0.4) lib/action_controller/metal.rb:335:in `dispatch'
actionpack (8.0.4) lib/action_dispatch/routing/route_set.rb:67:in `dispatch'
actionpack (8.0.4) lib/action_dispatch/routing/route_set.rb:50:in `serve'
actionpack (8.0.4) lib/action_dispatch/journey/router.rb:53:in `block in serve'
actionpack (8.0.4) lib/action_dispatch/journey/router.rb:133:in `block in find_routes'
actionpack (8.0.4) lib/action_dispatch/journey/router.rb:126:in `each'
actionpack (8.0.4) lib/action_dispatch/journey/router.rb:126:in `find_routes'
actionpack (8.0.4) lib/action_dispatch/journey/router.rb:34:in `serve'
actionpack (8.0.4) lib/action_dispatch/routing/route_set.rb:908:in `call'
railties (8.0.4) lib/rails/engine/lazy_route_set.rb:60:in `call'
rack (3.2.4) lib/rack/tempfile_reaper.rb:20:in `call'
rack (3.2.4) lib/rack/etag.rb:29:in `call'
rack (3.2.4) lib/rack/conditional_get.rb:31:in `call'
rack (3.2.4) lib/rack/head.rb:15:in `call'
actionpack (8.0.4) lib/action_dispatch/http/permissions_policy.rb:38:in `call'
actionpack (8.0.4) lib/action_dispatch/http/content_security_policy.rb:38:in `call'
rack-session (2.1.1) lib/rack/session/abstract/id.rb:274:in `context'
rack-session (2.1.1) lib/rack/session/abstract/id.rb:268:in `call'
actionpack (8.0.4) lib/action_dispatch/middleware/cookies.rb:706:in `call'
activerecord (8.0.4) lib/active_record/migration.rb:670:in `call'
actionpack (8.0.4) lib/action_dispatch/middleware/callbacks.rb:31:in `block in call'
activesupport (8.0.4) lib/active_support/callbacks.rb:100:in `run_callbacks'
actionpack (8.0.4) lib/action_dispatch/middleware/callbacks.rb:30:in `call'
actionpack (8.0.4) lib/action_dispatch/middleware/executor.rb:16:in `call'
actionpack (8.0.4) lib/action_dispatch/middleware/actionable_exceptions.rb:18:in `call'
actionpack (8.0.4) lib/action_dispatch/middleware/debug_exceptions.rb:31:in `call'
web-console (4.2.1) lib/web_console/middleware.rb:132:in `call_app'
web-console (4.2.1) lib/web_console/middleware.rb:28:in `block in call'
web-console (4.2.1) lib/web_console/middleware.rb:17:in `catch'
web-console (4.2.1) lib/web_console/middleware.rb:17:in `call'
actionpack (8.0.4) lib/action_dispatch/middleware/show_exceptions.rb:32:in `call'
railties (8.0.4) lib/rails/rack/logger.rb:41:in `call_app'
railties (8.0.4) lib/rails/rack/logger.rb:29:in `call'
actionpack (8.0.4) lib/action_dispatch/middleware/remote_ip.rb:96:in `call'
actionpack (8.0.4) lib/action_dispatch/middleware/request_id.rb:34:in `call'
rack (3.2.4) lib/rack/method_override.rb:28:in `call'
rack (3.2.4) lib/rack/runtime.rb:24:in `call'
actionpack (8.0.4) lib/action_dispatch/middleware/server_timing.rb:61:in `block in call'
actionpack (8.0.4) lib/action_dispatch/middleware/server_timing.rb:26:in `collect_events'
actionpack (8.0.4) lib/action_dispatch/middleware/server_timing.rb:60:in `call'
actionpack (8.0.4) lib/action_dispatch/middleware/executor.rb:16:in `call'
propshaft (1.3.1) lib/propshaft/server.rb:37:in `call'
actionpack (8.0.4) lib/action_dispatch/middleware/static.rb:27:in `call'
rack (3.2.4) lib/rack/sendfile.rb:131:in `call'
actionpack (8.0.4) lib/action_dispatch/middleware/host_authorization.rb:143:in `call'
railties (8.0.4) lib/rails/engine.rb:535:in `call'
puma (7.1.0) lib/puma/configuration.rb:300:in `call'
puma (7.1.0) lib/puma/request.rb:101:in `block in handle_request'
puma (7.1.0) lib/puma/thread_pool.rb:355:in `with_force_shutdown'
puma (7.1.0) lib/puma/request.rb:100:in `handle_request'
puma (7.1.0) lib/puma/server.rb:503:in `process_client'
puma (7.1.0) lib/puma/server.rb:262:in `block in run'
puma (7.1.0) lib/puma/thread_pool.rb:182:in `block in spawn_thread'
Started GET "/api/v1/results" for 127.0.0.1 at 2025-11-11 10:10:51 +0530
Processing by Api::V1::ResultsController#index as HTML
  [1m[36mResult Load (0.8ms)[0m  [1m[34mSELECT "results".* FROM "results" /*action='index',application='StudentResultMgmt',controller='results'*/[0m
  ↳ app/controllers/api/v1/results_controller.rb:6:in `index'
Completed 200 OK in 95ms (Views: 11.6ms | ActiveRecord: 3.6ms (1 query, 0 cached) | GC: 1.3ms)


Started GET "/favicon.ico" for 127.0.0.1 at 2025-11-11 10:10:52 +0530
  
ActionController::RoutingError (No route matches [GET] "/favicon.ico"):
  
[ActionDispatch::HostAuthorization::DefaultResponseApp] Blocked hosts: www.example.com
